<?xml version="1.0" encoding="UTF-8"?>
<!-- Generated by org.testng.reporters.JUnitReportReporter -->
<testsuite skipped="0" hostname="Wenphong" name="SmockTest" tests="4" failures="0" timestamp="26 Feb 2025 23:36:44 GMT" time="3.495" errors="0">
  <testcase name="testCreateNewUser" time="2.046" classname="SmockTest"/>
  <testcase name="testGetUser" time="0.361" classname="SmockTest"/>
  <testcase name="testUpdateUser" time="0.362" classname="SmockTest"/>
  <testcase name="testDeleteUser" time="0.726" classname="SmockTest"/>
</testsuite> <!-- SmockTest -->
